[PREINITIALIZATION][CLIENT][INFO] Thank you to the Patreon supporters below and others who make CraftTweaker possible!
Brønsted
Zuniroa
AdaraChristine
Peregrinus11
NerdyWhiteGuy
SquidDev
Pongo Sapiens
IDroid
Barrier
Robijnvogel
Quaternary
Ivy_
Spencer Gilbert
Belathus
Tyrone McLean
NickT
Ncc1702
DreamThorn
Genryu
Psyberition
If you want to support the mod, checkout https://patreon.com/jaredlll08?s=crtmod

[PREINITIALIZATION][CLIENT][INFO] Current loaders after merging: [[preinit]]
[PREINITIALIZATION][CLIENT][INFO] Loading scripts for loader with names [preinit]
[PREINITIALIZATION][CLIENT][INFO] Completed script loading in: 6ms
[INITIALIZATION][CLIENT][INFO] CraftTweaker: Building registry
[INITIALIZATION][CLIENT][INFO] CraftTweaker: Successfully built item registry
[INITIALIZATION][CLIENT][INFO] Current loaders after merging: [[preinit], [recipeevent | crafttweaker]]
[INITIALIZATION][CLIENT][INFO] Loading scripts for loader with names [crafttweaker | recipeevent]
[INITIALIZATION][CLIENT][INFO] Completed script loading in: 11ms
[POSTINITIALIZATION][CLIENT][INFO] Removing recipes for various outputs
